<?xml version="1.0" encoding="UTF-8"?>
<testsuite name="org.ohgiraffers.board.service.PostServiceTests" tests="8" skipped="0" failures="0" errors="0" timestamp="2024-02-20T04:00:31" hostname="DESKTOP-IFMN175" time="1.682">
  <properties/>
  <testcase name="게시물 수정 기능 테스트: postId 게시물 없을 때 Exception 발생 테스트" classname="org.ohgiraffers.board.service.PostServiceTests" time="1.363"/>
  <testcase name="게시글 작성 기능 테스트" classname="org.ohgiraffers.board.service.PostServiceTests" time="0.121"/>
  <testcase name="게시글 단건조회 기능 테스트" classname="org.ohgiraffers.board.service.PostServiceTests" time="0.007"/>
  <testcase name="게시글 단건조회 기능 테스트: postId 게시물 없을 때 Exception 발생 테스트" classname="org.ohgiraffers.board.service.PostServiceTests" time="0.007"/>
  <testcase name="게시글 전체 조회 기능 테스트" classname="org.ohgiraffers.board.service.PostServiceTests" time="0.079"/>
  <testcase name="게시물 삭제 기능 테스트" classname="org.ohgiraffers.board.service.PostServiceTests" time="0.043"/>
  <testcase name="게시물 삭제 기능 테스트: postId 게시물 없을 때 Exception 발생 테스트" classname="org.ohgiraffers.board.service.PostServiceTests" time="0.02"/>
  <testcase name="게시물 수정 기능 테스트" classname="org.ohgiraffers.board.service.PostServiceTests" time="0.009"/>
  <system-out><![CDATA[]]></system-out>
  <system-err><![CDATA[]]></system-err>
</testsuite>
